2017-06-16 09:41:39,401 [Worker-43] INFO  j.exodus.env.EnvironmentImpl - Exodus environment created: C:\dev\eclipse\workspace\.metadata\com.genuitec.eclipse.webclipse.livepreview\0\store
2017-06-16 09:41:39,521 [Worker-43] INFO  j.exodus.env.EnvironmentImpl - Exodus environment created: C:\dev\eclipse\workspace\.metadata\com.genuitec.eclipse.webclipse.livepreview\1\store
2017-06-16 16:42:25,188 [Worker-133] INFO  j.exodus.env.EnvironmentImpl - Exodus environment created: C:\dev\eclipse\workspace\.metadata\com.genuitec.eclipse.webclipse.livepreview\2\store
2017-06-19 11:29:50,648 [Worker-20] INFO  j.exodus.env.EnvironmentImpl - Exodus environment created: C:\dev\eclipse\workspace\.metadata\com.genuitec.eclipse.webclipse.livepreview\0\store
2017-06-19 11:29:50,703 [Worker-20] INFO  j.exodus.env.EnvironmentImpl - Exodus environment created: C:\dev\eclipse\workspace\.metadata\com.genuitec.eclipse.webclipse.livepreview\1\store
2017-06-19 11:29:51,074 [Worker-20] INFO  j.exodus.env.EnvironmentImpl - Exodus environment created: C:\dev\eclipse\workspace\.metadata\com.genuitec.eclipse.webclipse.livepreview\2\store
2017-06-21 15:28:57,409 [Worker-163] INFO  j.exodus.env.EnvironmentImpl - Exodus environment created: C:\dev\eclipse\workspace\.metadata\com.genuitec.eclipse.webclipse.livepreview\0\store
2017-06-21 15:28:57,570 [Worker-163] INFO  j.exodus.env.EnvironmentImpl - Exodus environment created: C:\dev\eclipse\workspace\.metadata\com.genuitec.eclipse.webclipse.livepreview\1\store
2017-06-21 15:28:57,899 [Worker-163] INFO  j.exodus.env.EnvironmentImpl - Exodus environment created: C:\dev\eclipse\workspace\.metadata\com.genuitec.eclipse.webclipse.livepreview\2\store
2017-06-21 15:58:32,175 [Worker-10] INFO  j.exodus.env.EnvironmentImpl - Exodus environment created: C:\dev\eclipse\workspace\.metadata\com.genuitec.eclipse.webclipse.livepreview\0\store
2017-06-21 15:58:32,315 [Worker-10] INFO  j.exodus.env.EnvironmentImpl - Exodus environment created: C:\dev\eclipse\workspace\.metadata\com.genuitec.eclipse.webclipse.livepreview\1\store
2017-06-21 15:58:33,329 [Worker-10] INFO  j.exodus.env.EnvironmentImpl - Exodus environment created: C:\dev\eclipse\workspace\.metadata\com.genuitec.eclipse.webclipse.livepreview\2\store
2017-06-23 16:22:05,908 [Worker-69] INFO  j.exodus.env.EnvironmentImpl - Exodus environment created: C:\dev\eclipse\workspace\.metadata\com.genuitec.eclipse.webclipse.livepreview\0\store
2017-06-23 16:22:06,055 [Worker-69] INFO  j.exodus.env.EnvironmentImpl - Exodus environment created: C:\dev\eclipse\workspace\.metadata\com.genuitec.eclipse.webclipse.livepreview\1\store
2017-06-23 16:22:06,398 [Worker-69] INFO  j.exodus.env.EnvironmentImpl - Exodus environment created: C:\dev\eclipse\workspace\.metadata\com.genuitec.eclipse.webclipse.livepreview\2\store
2017-06-26 09:30:55,276 [Worker-43] INFO  j.exodus.env.EnvironmentImpl - Exodus environment created: C:\dev\eclipse\workspace\.metadata\com.genuitec.eclipse.webclipse.livepreview\0\store
2017-06-26 09:30:55,471 [Worker-43] INFO  j.exodus.env.EnvironmentImpl - Exodus environment created: C:\dev\eclipse\workspace\.metadata\com.genuitec.eclipse.webclipse.livepreview\1\store
2017-06-26 09:30:55,873 [Worker-43] INFO  j.exodus.env.EnvironmentImpl - Exodus environment created: C:\dev\eclipse\workspace\.metadata\com.genuitec.eclipse.webclipse.livepreview\2\store
2017-06-27 09:18:18,837 [Worker-7] INFO  j.exodus.env.EnvironmentImpl - Exodus environment created: C:\dev\eclipse\workspace\.metadata\com.genuitec.eclipse.webclipse.livepreview\0\store
2017-06-27 09:22:03,127 [Worker-12] INFO  j.exodus.env.EnvironmentImpl - Exodus environment created: C:\dev\eclipse\workspace\.metadata\com.genuitec.eclipse.webclipse.livepreview\1\store
2017-06-27 09:22:03,776 [Worker-12] INFO  j.exodus.env.EnvironmentImpl - Exodus environment created: C:\dev\eclipse\workspace\.metadata\com.genuitec.eclipse.webclipse.livepreview\2\store
2017-06-28 09:14:39,932 [Worker-36] INFO  j.exodus.env.EnvironmentImpl - Exodus environment created: C:\dev\eclipse\workspace\.metadata\com.genuitec.eclipse.webclipse.livepreview\0\store
2017-06-28 09:14:40,043 [Worker-36] INFO  j.exodus.env.EnvironmentImpl - Exodus environment created: C:\dev\eclipse\workspace\.metadata\com.genuitec.eclipse.webclipse.livepreview\1\store
2017-06-28 09:14:40,669 [Worker-36] INFO  j.exodus.env.EnvironmentImpl - Exodus environment created: C:\dev\eclipse\workspace\.metadata\com.genuitec.eclipse.webclipse.livepreview\2\store
2017-06-29 10:34:24,312 [Worker-59] INFO  j.exodus.env.EnvironmentImpl - Exodus environment created: C:\dev\eclipse\workspace\.metadata\com.genuitec.eclipse.webclipse.livepreview\0\store
2017-06-29 10:34:24,429 [Worker-59] INFO  j.exodus.env.EnvironmentImpl - Exodus environment created: C:\dev\eclipse\workspace\.metadata\com.genuitec.eclipse.webclipse.livepreview\1\store
2017-06-29 10:34:25,666 [Worker-59] INFO  j.exodus.env.EnvironmentImpl - Exodus environment created: C:\dev\eclipse\workspace\.metadata\com.genuitec.eclipse.webclipse.livepreview\2\store
2017-07-03 09:38:42,647 [Worker-40] INFO  j.exodus.env.EnvironmentImpl - Exodus environment created: C:\dev\eclipse\workspace\.metadata\com.genuitec.eclipse.webclipse.livepreview\0\store
2017-07-03 09:38:42,737 [Worker-40] INFO  j.exodus.env.EnvironmentImpl - Exodus environment created: C:\dev\eclipse\workspace\.metadata\com.genuitec.eclipse.webclipse.livepreview\1\store
2017-07-03 10:23:34,350 [Worker-14] INFO  j.exodus.env.EnvironmentImpl - Exodus environment created: C:\dev\eclipse\workspace\.metadata\com.genuitec.eclipse.webclipse.livepreview\0\store
2017-07-03 10:23:34,400 [Worker-14] INFO  j.exodus.env.EnvironmentImpl - Exodus environment created: C:\dev\eclipse\workspace\.metadata\com.genuitec.eclipse.webclipse.livepreview\1\store
2017-07-03 15:37:53,372 [Worker-8] INFO  j.exodus.env.EnvironmentImpl - Exodus environment created: C:\dev\mulcam_class\workspace\.metadata\com.genuitec.eclipse.webclipse.livepreview\0\store
2017-07-03 17:39:36,445 [Worker-87] INFO  j.exodus.env.EnvironmentImpl - Exodus environment created: C:\dev\mulcam_class\workspace\.metadata\com.genuitec.eclipse.webclipse.livepreview\1\store
2017-07-04 09:11:49,032 [Worker-28] INFO  j.exodus.env.EnvironmentImpl - Exodus environment created: C:\dev\mulcam_class\workspace\.metadata\com.genuitec.eclipse.webclipse.livepreview\0\store
2017-07-04 09:11:49,112 [Worker-28] INFO  j.exodus.env.EnvironmentImpl - Exodus environment created: C:\dev\mulcam_class\workspace\.metadata\com.genuitec.eclipse.webclipse.livepreview\1\store
2017-07-04 15:45:30,740 [Worker-6] INFO  j.exodus.env.EnvironmentImpl - Exodus environment created: C:\dev\mulcam_class\workspace\.metadata\com.genuitec.eclipse.webclipse.livepreview\0\store
2017-07-04 15:45:31,303 [Worker-6] INFO  j.exodus.env.EnvironmentImpl - Exodus environment created: C:\dev\mulcam_class\workspace\.metadata\com.genuitec.eclipse.webclipse.livepreview\1\store
2017-07-04 15:52:55,854 [Worker-1] INFO  j.exodus.env.EnvironmentImpl - Exodus environment created: C:\dev\mulcam_class\workspace\.metadata\com.genuitec.eclipse.webclipse.livepreview\0\store
2017-07-04 15:52:58,163 [Worker-1] INFO  j.exodus.env.EnvironmentImpl - Exodus environment created: C:\dev\mulcam_class\workspace\.metadata\com.genuitec.eclipse.webclipse.livepreview\1\store
2017-07-05 10:19:04,677 [Worker-61] INFO  j.exodus.env.EnvironmentImpl - Exodus environment created: C:\dev\mulcam_class\workspace\.metadata\com.genuitec.eclipse.webclipse.livepreview\0\store
2017-07-05 10:19:04,745 [Worker-61] INFO  j.exodus.env.EnvironmentImpl - Exodus environment created: C:\dev\mulcam_class\workspace\.metadata\com.genuitec.eclipse.webclipse.livepreview\1\store
2017-07-05 16:27:26,439 [Worker-16] INFO  j.exodus.env.EnvironmentImpl - Exodus environment created: C:\dev\mulcam_class\workspace\.metadata\com.genuitec.eclipse.webclipse.livepreview\0\store
2017-07-05 16:27:26,665 [Worker-16] INFO  j.exodus.env.EnvironmentImpl - Exodus environment created: C:\dev\mulcam_class\workspace\.metadata\com.genuitec.eclipse.webclipse.livepreview\1\store
2017-07-06 09:05:17,510 [Worker-25] INFO  j.exodus.env.EnvironmentImpl - Exodus environment created: C:\dev\mulcam_class\workspace\.metadata\com.genuitec.eclipse.webclipse.livepreview\0\store
2017-07-06 10:11:05,355 [Worker-64] INFO  j.exodus.env.EnvironmentImpl - Exodus environment created: C:\dev\mulcam_class\workspace\.metadata\com.genuitec.eclipse.webclipse.livepreview\1\store
2017-07-06 10:20:00,256 [Worker-81] INFO  j.exodus.env.EnvironmentImpl - Exodus environment created: C:\dev\mulcam_class\workspace\.metadata\com.genuitec.eclipse.webclipse.livepreview\2\store
2017-07-10 09:19:02,135 [Worker-10] INFO  j.exodus.env.EnvironmentImpl - Exodus environment created: C:\dev\mulcam_class\workspace\.metadata\com.genuitec.eclipse.webclipse.livepreview\0\store
2017-07-10 09:19:02,258 [Worker-10] INFO  j.exodus.env.EnvironmentImpl - Exodus environment created: C:\dev\mulcam_class\workspace\.metadata\com.genuitec.eclipse.webclipse.livepreview\1\store
2017-07-10 16:23:47,944 [Worker-127] INFO  j.exodus.env.EnvironmentImpl - Exodus environment created: C:\dev\mulcam_class\workspace\.metadata\com.genuitec.eclipse.webclipse.livepreview\2\store
2017-07-13 10:49:40,909 [Worker-16] INFO  j.exodus.env.EnvironmentImpl - Exodus environment created: C:\dev\mulcam_class\workspace\.metadata\com.genuitec.eclipse.webclipse.livepreview\0\store
2017-07-13 10:49:41,218 [Worker-16] INFO  j.exodus.env.EnvironmentImpl - Exodus environment created: C:\dev\mulcam_class\workspace\.metadata\com.genuitec.eclipse.webclipse.livepreview\1\store
2017-07-13 10:50:12,247 [Worker-26] INFO  j.exodus.env.EnvironmentImpl - Store get cache hit rate: 0.0%
2017-07-13 10:50:12,248 [Worker-26] INFO  j.exodus.env.EnvironmentImpl - Tree nodes cache hit rate: 0.0%
2017-07-13 10:50:12,248 [Worker-26] INFO  j.exodus.env.EnvironmentImpl - Exodus log cache hit rate: 43.9%
2017-07-13 11:34:40,879 [Worker-25] INFO  j.exodus.env.EnvironmentImpl - Exodus environment created: C:\dev\mulcam_class\workspace\.metadata\com.genuitec.eclipse.webclipse.livepreview\0\store
2017-07-13 11:34:40,926 [Worker-25] INFO  j.exodus.env.EnvironmentImpl - Exodus environment created: C:\dev\mulcam_class\workspace\.metadata\com.genuitec.eclipse.webclipse.livepreview\1\store
2017-07-13 11:35:58,405 [Worker-13] INFO  j.exodus.env.EnvironmentImpl - Store get cache hit rate: 0.0%
2017-07-13 11:35:58,406 [Worker-13] INFO  j.exodus.env.EnvironmentImpl - Tree nodes cache hit rate: 0.0%
2017-07-13 11:35:58,406 [Worker-13] INFO  j.exodus.env.EnvironmentImpl - Exodus log cache hit rate: 43.9%
2017-07-13 11:36:46,180 [Worker-27] INFO  j.exodus.env.EnvironmentImpl - Exodus environment created: C:\dev\mulcam_class\workspace\.metadata\com.genuitec.eclipse.webclipse.livepreview\1\store
2017-07-13 11:43:28,104 [Worker-5] INFO  j.exodus.env.EnvironmentImpl - Exodus environment created: C:\dev\mulcam_class\workspace\.metadata\com.genuitec.eclipse.webclipse.livepreview\0\store
2017-07-13 11:43:30,227 [Worker-5] INFO  j.exodus.env.EnvironmentImpl - Exodus environment created: C:\dev\mulcam_class\workspace\.metadata\com.genuitec.eclipse.webclipse.livepreview\1\store
2017-07-13 12:34:16,705 [Worker-35] INFO  j.exodus.env.EnvironmentImpl - Exodus environment created: C:\dev\mulcam_class\workspace\.metadata\com.genuitec.eclipse.webclipse.livepreview\0\store
2017-07-13 12:34:16,871 [Worker-35] INFO  j.exodus.env.EnvironmentImpl - Exodus environment created: C:\dev\mulcam_class\workspace\.metadata\com.genuitec.eclipse.webclipse.livepreview\1\store
2017-07-13 12:47:53,722 [Worker-10] INFO  j.exodus.env.EnvironmentImpl - Exodus environment created: C:\dev\mulcam_class\workspace\.metadata\com.genuitec.eclipse.webclipse.livepreview\0\store
2017-07-13 12:47:53,863 [Worker-10] INFO  j.exodus.env.EnvironmentImpl - Exodus environment created: C:\dev\mulcam_class\workspace\.metadata\com.genuitec.eclipse.webclipse.livepreview\1\store
2017-07-13 13:03:47,276 [Worker-5] INFO  j.exodus.env.EnvironmentImpl - Exodus environment created: C:\dev\mulcam_class\workspace\.metadata\com.genuitec.eclipse.webclipse.livepreview\0\store
2017-07-13 13:03:47,548 [Worker-5] INFO  j.exodus.env.EnvironmentImpl - Exodus environment created: C:\dev\mulcam_class\workspace\.metadata\com.genuitec.eclipse.webclipse.livepreview\1\store
2017-07-13 14:55:35,453 [Worker-40] INFO  j.exodus.env.EnvironmentImpl - Exodus environment created: C:\dev\mulcam_class\workspace\.metadata\com.genuitec.eclipse.webclipse.livepreview\0\store
2017-07-13 14:55:35,567 [Worker-40] INFO  j.exodus.env.EnvironmentImpl - Exodus environment created: C:\dev\mulcam_class\workspace\.metadata\com.genuitec.eclipse.webclipse.livepreview\1\store
2017-07-13 14:55:37,001 [Worker-40] INFO  j.exodus.env.EnvironmentImpl - Exodus environment created: C:\dev\mulcam_class\workspace\.metadata\com.genuitec.eclipse.webclipse.livepreview\2\store
2017-07-13 15:48:42,012 [Worker-2] INFO  j.exodus.env.EnvironmentImpl - Exodus environment created: C:\dev\mulcam_class\workspace\.metadata\com.genuitec.eclipse.webclipse.livepreview\0\store
2017-07-13 15:48:42,323 [Worker-2] INFO  j.exodus.env.EnvironmentImpl - Exodus environment created: C:\dev\mulcam_class\workspace\.metadata\com.genuitec.eclipse.webclipse.livepreview\1\store
2017-07-13 15:48:43,620 [Worker-2] INFO  j.exodus.env.EnvironmentImpl - Exodus environment created: C:\dev\mulcam_class\workspace\.metadata\com.genuitec.eclipse.webclipse.livepreview\2\store
2017-07-17 11:11:46,554 [Worker-62] INFO  j.exodus.env.EnvironmentImpl - Exodus environment created: C:\dev\mulcam_class\workspace\.metadata\com.genuitec.eclipse.webclipse.livepreview\0\store
2017-07-17 11:21:11,708 [Worker-62] INFO  j.exodus.env.EnvironmentImpl - Exodus environment created: C:\dev\mulcam_class\workspace\.metadata\com.genuitec.eclipse.webclipse.livepreview\1\store
2017-07-17 11:48:07,852 [Worker-14] INFO  j.exodus.env.EnvironmentImpl - Exodus environment created: C:\dev\mulcam_class\workspace\.metadata\com.genuitec.eclipse.webclipse.livepreview\0\store
2017-07-17 13:34:36,771 [Worker-57] INFO  j.exodus.env.EnvironmentImpl - Exodus environment created: C:\dev\mulcam_class\workspace\.metadata\com.genuitec.eclipse.webclipse.livepreview\1\store
2017-07-17 13:53:05,603 [Worker-4] INFO  j.exodus.env.EnvironmentImpl - Exodus environment created: C:\dev\mulcam_class\workspace\.metadata\com.genuitec.eclipse.webclipse.livepreview\0\store
2017-07-17 13:53:05,651 [Worker-4] INFO  j.exodus.env.EnvironmentImpl - Exodus environment created: C:\dev\mulcam_class\workspace\.metadata\com.genuitec.eclipse.webclipse.livepreview\1\store
2017-07-18 09:30:17,149 [Worker-35] INFO  j.exodus.env.EnvironmentImpl - Exodus environment created: C:\dev\mulcam_class\workspace\.metadata\com.genuitec.eclipse.webclipse.livepreview\0\store
2017-07-19 11:32:42,255 [Worker-110] INFO  j.exodus.env.EnvironmentImpl - Exodus environment created: C:\dev\mulcam_class\workspace\.metadata\com.genuitec.eclipse.webclipse.livepreview\0\store
2017-07-19 11:32:42,355 [Worker-110] INFO  j.exodus.env.EnvironmentImpl - Exodus environment created: C:\dev\mulcam_class\workspace\.metadata\com.genuitec.eclipse.webclipse.livepreview\1\store
2017-07-19 11:32:43,242 [Worker-110] INFO  j.exodus.env.EnvironmentImpl - Exodus environment created: C:\dev\mulcam_class\workspace\.metadata\com.genuitec.eclipse.webclipse.livepreview\2\store
2017-07-19 13:14:44,367 [Worker-6] INFO  j.exodus.env.EnvironmentImpl - Exodus environment created: C:\dev\mulcam_class\workspace\.metadata\com.genuitec.eclipse.webclipse.livepreview\0\store
2017-07-20 09:18:35,735 [Worker-40] INFO  j.exodus.env.EnvironmentImpl - Exodus environment created: C:\dev\mulcam_class\workspace\.metadata\com.genuitec.eclipse.webclipse.livepreview\0\store
2017-07-20 09:18:35,795 [Worker-40] INFO  j.exodus.env.EnvironmentImpl - Exodus environment created: C:\dev\mulcam_class\workspace\.metadata\com.genuitec.eclipse.webclipse.livepreview\1\store
2017-07-20 09:18:36,970 [Worker-40] INFO  j.exodus.env.EnvironmentImpl - Exodus environment created: C:\dev\mulcam_class\workspace\.metadata\com.genuitec.eclipse.webclipse.livepreview\2\store
2017-07-24 09:17:48,003 [Worker-22] INFO  j.exodus.env.EnvironmentImpl - Exodus environment created: C:\dev\mulcam_class\workspace\.metadata\com.genuitec.eclipse.webclipse.livepreview\0\store
2017-07-24 09:17:48,104 [Worker-22] INFO  j.exodus.env.EnvironmentImpl - Exodus environment created: C:\dev\mulcam_class\workspace\.metadata\com.genuitec.eclipse.webclipse.livepreview\1\store
2017-07-24 09:17:48,998 [Worker-22] INFO  j.exodus.env.EnvironmentImpl - Exodus environment created: C:\dev\mulcam_class\workspace\.metadata\com.genuitec.eclipse.webclipse.livepreview\2\store
2017-07-25 09:17:25,212 [Worker-25] INFO  j.exodus.env.EnvironmentImpl - Exodus environment created: C:\dev\mulcam_class\workspace\.metadata\com.genuitec.eclipse.webclipse.livepreview\0\store
2017-07-25 09:17:25,294 [Worker-25] INFO  j.exodus.env.EnvironmentImpl - Exodus environment created: C:\dev\mulcam_class\workspace\.metadata\com.genuitec.eclipse.webclipse.livepreview\1\store
2017-07-25 09:17:26,436 [Worker-25] INFO  j.exodus.env.EnvironmentImpl - Exodus environment created: C:\dev\mulcam_class\workspace\.metadata\com.genuitec.eclipse.webclipse.livepreview\2\store
